0 info it worked if it ends with ok
1 verbose cli [ '/usr/local/bin/node',
1 verbose cli   '/usr/local/bin/npm',
1 verbose cli   'install',
1 verbose cli   'cordova',
1 verbose cli   '-g' ]
2 info using npm@2.11.3
3 info using node@v0.12.7
4 verbose install initial load of /usr/lib/package.json
5 verbose readDependencies loading dependencies from /usr/lib/package.json
6 silly cache add args [ 'cordova', null ]
7 verbose cache add spec cordova
8 silly cache add parsed spec { raw: 'cordova',
8 silly cache add   scope: null,
8 silly cache add   name: 'cordova',
8 silly cache add   rawSpec: '',
8 silly cache add   spec: '*',
8 silly cache add   type: 'range' }
9 silly addNamed cordova@*
10 verbose addNamed "*" is a valid semver range for cordova
11 silly addNameRange { name: 'cordova', range: '*', hasData: false }
12 silly mapToRegistry name cordova
13 silly mapToRegistry using default registry
14 silly mapToRegistry registry https://registry.npmjs.org/
15 silly mapToRegistry uri https://registry.npmjs.org/cordova
16 verbose addNameRange registry:https://registry.npmjs.org/cordova not in flight; fetching
17 verbose request uri https://registry.npmjs.org/cordova
18 verbose request no auth needed
19 info attempt registry request try #1 at 5:31:56 PM
20 verbose request id 3c61b084b9941299
21 http request GET https://registry.npmjs.org/cordova
22 http 200 https://registry.npmjs.org/cordova
23 silly get cb [ 200,
23 silly get   { server: 'CouchDB/1.5.0 (Erlang OTP/R16B03)',
23 silly get     etag: '"A8WV9H0E9HJCYUZBFNP1LK15N"',
23 silly get     'content-type': 'application/json',
23 silly get     'cache-control': 'max-age=60',
23 silly get     'content-length': '352118',
23 silly get     'accept-ranges': 'bytes',
23 silly get     date: 'Tue, 04 Aug 2015 08:35:47 GMT',
23 silly get     via: '1.1 varnish',
23 silly get     age: '15',
23 silly get     connection: 'keep-alive',
23 silly get     'x-served-by': 'cache-nrt6130-NRT',
23 silly get     'x-cache': 'HIT',
23 silly get     'x-cache-hits': '2',
23 silly get     'x-timer': 'S1438677347.966959,VS0,VE0',
23 silly get     vary: 'Accept' } ]
24 verbose get saving cordova to /mnt/home/.npm/registry.npmjs.org/cordova/.cache.json
25 silly addNameRange number 2 { name: 'cordova', range: '*', hasData: true }
26 silly addNameRange versions [ 'cordova',
26 silly addNameRange   [ '0.0.1',
26 silly addNameRange     '0.0.2',
26 silly addNameRange     '0.0.3',
26 silly addNameRange     '0.0.4',
26 silly addNameRange     '0.0.5',
26 silly addNameRange     '0.0.6',
26 silly addNameRange     '0.0.7',
26 silly addNameRange     '0.0.8',
26 silly addNameRange     '0.0.9',
26 silly addNameRange     '0.1.0',
26 silly addNameRange     '0.1.1',
26 silly addNameRange     '0.1.2',
26 silly addNameRange     '0.1.3',
26 silly addNameRange     '0.1.4',
26 silly addNameRange     '0.1.5',
26 silly addNameRange     '0.1.6',
26 silly addNameRange     '0.1.7',
26 silly addNameRange     '0.1.8',
26 silly addNameRange     '0.1.9',
26 silly addNameRange     '0.1.10',
26 silly addNameRange     '0.1.11',
26 silly addNameRange     '0.1.12',
26 silly addNameRange     '0.1.13',
26 silly addNameRange     '0.1.14',
26 silly addNameRange     '2.2.0',
26 silly addNameRange     '2.3.0',
26 silly addNameRange     '2.3.1',
26 silly addNameRange     '2.3.2',
26 silly addNameRange     '2.3.3',
26 silly addNameRange     '2.3.5',
26 silly addNameRange     '2.3.6',
26 silly addNameRange     '2.4.0',
26 silly addNameRange     '2.4.1',
26 silly addNameRange     '2.4.2',
26 silly addNameRange     '2.4.3',
26 silly addNameRange     '2.4.4',
26 silly addNameRange     '2.4.5',
26 silly addNameRange     '2.4.6',
26 silly addNameRange     '2.4.7',
26 silly addNameRange     '2.4.8',
26 silly addNameRange     '2.4.9',
26 silly addNameRange     '2.4.10',
26 silly addNameRange     '2.5.0',
26 silly addNameRange     '2.5.2',
26 silly addNameRange     '2.5.3',
26 silly addNameRange     '2.5.4',
26 silly addNameRange     '2.5.5',
26 silly addNameRange     '2.6.0',
26 silly addNameRange     '2.6.1',
26 silly addNameRange     '2.6.2',
26 silly addNameRange     '2.7.0-rc.1',
26 silly addNameRange     '2.7.1-rc.1',
26 silly addNameRange     '2.7.2',
26 silly addNameRange     '2.7.3',
26 silly addNameRange     '2.7.4',
26 silly addNameRange     '2.8.0',
26 silly addNameRange     '2.8.1',
26 silly addNameRange     '2.8.2',
26 silly addNameRange     '2.8.3',
26 silly addNameRange     '2.8.4',
26 silly addNameRange     '2.8.5',
26 silly addNameRange     '2.8.6',
26 silly addNameRange     '2.8.7',
26 silly addNameRange     '2.8.8',
26 silly addNameRange     '2.8.9',
26 silly addNameRange     '2.8.10',
26 silly addNameRange     '2.8.11',
26 silly addNameRange     '2.8.12',
26 silly addNameRange     '2.8.13',
26 silly addNameRange     '2.8.14',
26 silly addNameRange     '2.8.15',
26 silly addNameRange     '2.8.16',
26 silly addNameRange     '2.8.17',
26 silly addNameRange     '2.8.18',
26 silly addNameRange     '2.8.19',
26 silly addNameRange     '2.8.20',
26 silly addNameRange     '2.8.21',
26 silly addNameRange     '2.8.22',
26 silly addNameRange     '2.8.23',
26 silly addNameRange     '2.8.24',
26 silly addNameRange     '2.8.25',
26 silly addNameRange     '2.9.0',
26 silly addNameRange     '2.9.1',
26 silly addNameRange     '2.9.2',
26 silly addNameRange     '2.9.3',
26 silly addNameRange     '2.9.4',
26 silly addNameRange     '2.9.5',
26 silly addNameRange     '2.9.6',
26 silly addNameRange     '2.9.7',
26 silly addNameRange     '3.0.0-rc1',
26 silly addNameRange     '3.0.0-rc1-1',
26 silly addNameRange     '3.0.0-rc1-3',
26 silly addNameRange     '3.0.0',
26 silly addNameRange     '3.0.1',
26 silly addNameRange     '3.0.2',
26 silly addNameRange     '3.0.3',
26 silly addNameRange     '3.0.4',
26 silly addNameRange     '3.0.5',
26 silly addNameRange     '3.0.6',
26 silly addNameRange     '3.0.7',
26 silly addNameRange     '3.0.8',
26 silly addNameRange     '3.0.9',
26 silly addNameRange     '3.0.10',
26 silly addNameRange     '3.1.0-0.1.0',
26 silly addNameRange     '3.1.0-0.2.0',
26 silly addNameRange     '3.2.0-rc.1',
26 silly addNameRange     '3.2.0-0.1.0',
26 silly addNameRange     '3.2.0-0.2.0',
26 silly addNameRange     '3.2.0-0.3.0',
26 silly addNameRange     '3.2.0-0.4.0',
26 silly addNameRange     '3.3.0-rc.1',
26 silly addNameRange     '3.3.0-0.1.1',
26 silly addNameRange     '3.3.1-0.1.2',
26 silly addNameRange     '2.9.0-rc1',
26 silly addNameRange     '3.3.1-0.3.0',
26 silly addNameRange     '3.3.1-0.3.1',
26 silly addNameRange     '3.3.1-0.4.1',
26 silly addNameRange     '3.3.1-0.4.2',
26 silly addNameRange     '3.4.0-0.1.0',
26 silly addNameRange     '3.4.0-0.1.1',
26 silly addNameRange     '3.4.0-0.1.2',
26 silly addNameRange     '3.4.0-0.1.3',
26 silly addNameRange     '0.0.0-fake',
26 silly addNameRange     '3.4.1-0.1.0',
26 silly addNameRange     '3.5.0-0.2.0',
26 silly addNameRange     '3.5.0-0.2.1',
26 silly addNameRange     '3.5.0-0.2.2',
26 silly addNameRange     '3.5.0-0.2.3',
26 silly addNameRange     '3.5.0-0.2.4',
26 silly addNameRange     '3.5.0-0.2.6',
26 silly addNameRange     '3.5.0-0.2.7',
26 silly addNameRange     '3.6.0-0.2.8',
26 silly addNameRange     '3.6.0-0.2.9',
26 silly addNameRange     '3.6.1-0.2.10',
26 silly addNameRange     '3.6.3-0.2.11',
26 silly addNameRange     '3.6.3-0.2.12',
26 silly addNameRange     '3.6.3-0.2.13',
26 silly addNameRange     '4.0.0',
26 silly addNameRange     '4.0.1',
26 silly addNameRange     '4.1.0',
26 silly addNameRange     '4.1.1',
26 silly addNameRange     '4.1.2',
26 silly addNameRange     '4.1.3-nightly.2014.10.21',
26 silly addNameRange     '4.2.0',
26 silly addNameRange     '4.3.0',
26 silly addNameRange     '5.0.0',
26 silly addNameRange     '4.3.1',
26 silly addNameRange     '5.1.1' ] ]
27 silly addNamed cordova@5.1.1
28 verbose addNamed "5.1.1" is a plain semver version for cordova
29 silly mapToRegistry name cordova
30 silly mapToRegistry using default registry
31 silly mapToRegistry registry https://registry.npmjs.org/
32 silly mapToRegistry uri https://registry.npmjs.org/cordova
33 verbose addRemoteTarball https://registry.npmjs.org/cordova/-/cordova-5.1.1.tgz not in flight; adding
34 verbose addRemoteTarball [ 'https://registry.npmjs.org/cordova/-/cordova-5.1.1.tgz',
34 verbose addRemoteTarball   'a9da84a4b42eac67d4b661246c7a6704c350eaae' ]
35 info retry fetch attempt 1 at 5:31:57 PM
36 info attempt registry request try #1 at 5:31:57 PM
37 http fetch GET https://registry.npmjs.org/cordova/-/cordova-5.1.1.tgz
38 http fetch 200 https://registry.npmjs.org/cordova/-/cordova-5.1.1.tgz
39 silly fetchAndShaCheck shasum a9da84a4b42eac67d4b661246c7a6704c350eaae
40 verbose addTmpTarball /tmp/npm-21535-d63412c7/registry.npmjs.org/cordova/-/cordova-5.1.1.tgz not in flight; adding
41 verbose addTmpTarball already have metadata; skipping unpack for cordova@5.1.1
42 silly cache afterAdd cordova@5.1.1
43 verbose afterAdd /mnt/home/.npm/cordova/5.1.1/package/package.json not in flight; writing
44 verbose afterAdd /mnt/home/.npm/cordova/5.1.1/package/package.json written
45 silly install resolved [ { name: 'cordova',
45 silly install resolved     version: '5.1.1',
45 silly install resolved     preferGlobal: 'true',
45 silly install resolved     description: 'Cordova command line interface tool',
45 silly install resolved     main: 'cordova',
45 silly install resolved     engines: { node: '>=0.9.9' },
45 silly install resolved     engineStrict: true,
45 silly install resolved     bin: { cordova: './bin/cordova' },
45 silly install resolved     scripts:
45 silly install resolved      { test: 'node node_modules/jasmine-node/bin/jasmine-node --captureExceptions --color spec',
45 silly install resolved        cover: 'node node_modules/istanbul/lib/cli.js cover --root src --print detail node_modules/jasmine-node/bin/jasmine-node -- spec' },
45 silly install resolved     repository:
45 silly install resolved      { type: 'git',
45 silly install resolved        url: 'https://git-wip-us.apache.org/repos/asf/cordova-cli.git' },
45 silly install resolved     bugs:
45 silly install resolved      { url: 'https://issues.apache.org/jira/browse/CB',
45 silly install resolved        email: 'dev@cordova.apache.org' },
45 silly install resolved     keywords: [ 'cordova', 'client', 'cli' ],
45 silly install resolved     dependencies:
45 silly install resolved      { 'cordova-lib': '5.1.1',
45 silly install resolved        q: '1.0.1',
45 silly install resolved        nopt: '3.0.1',
45 silly install resolved        underscore: '1.7.0' },
45 silly install resolved     devDependencies:
45 silly install resolved      { istanbul: '^0.3.4',
45 silly install resolved        grunt: '0.4.5',
45 silly install resolved        'grunt-retire': '0.3.7',
45 silly install resolved        'jasmine-node': '1.14.5' },
45 silly install resolved     author: { name: 'Anis Kadri' },
45 silly install resolved     contributors:
45 silly install resolved      [ [Object],
45 silly install resolved        [Object],
45 silly install resolved        [Object],
45 silly install resolved        [Object],
45 silly install resolved        [Object],
45 silly install resolved        [Object],
45 silly install resolved        [Object],
45 silly install resolved        [Object],
45 silly install resolved        [Object],
45 silly install resolved        [Object],
45 silly install resolved        [Object],
45 silly install resolved        [Object],
45 silly install resolved        [Object],
45 silly install resolved        [Object],
45 silly install resolved        [Object],
45 silly install resolved        [Object],
45 silly install resolved        [Object],
45 silly install resolved        [Object],
45 silly install resolved        [Object],
45 silly install resolved        [Object],
45 silly install resolved        [Object],
45 silly install resolved        [Object],
45 silly install resolved        [Object],
45 silly install resolved        [Object] ],
45 silly install resolved     license: 'Apache version 2.0',
45 silly install resolved     _id: 'cordova@5.1.1',
45 silly install resolved     _shasum: 'a9da84a4b42eac67d4b661246c7a6704c350eaae',
45 silly install resolved     _resolved: 'https://registry.npmjs.org/cordova/-/cordova-5.1.1.tgz',
45 silly install resolved     _from: 'cordova@*',
45 silly install resolved     _npmVersion: '2.9.1',
45 silly install resolved     _nodeVersion: '0.10.36',
45 silly install resolved     _npmUser: { name: 'stevegill', email: 'stevengill97@gmail.com' },
45 silly install resolved     dist:
45 silly install resolved      { shasum: 'a9da84a4b42eac67d4b661246c7a6704c350eaae',
45 silly install resolved        tarball: 'http://registry.npmjs.org/cordova/-/cordova-5.1.1.tgz' },
45 silly install resolved     maintainers:
45 silly install resolved      [ [Object],
45 silly install resolved        [Object],
45 silly install resolved        [Object],
45 silly install resolved        [Object],
45 silly install resolved        [Object],
45 silly install resolved        [Object],
45 silly install resolved        [Object],
45 silly install resolved        [Object],
45 silly install resolved        [Object],
45 silly install resolved        [Object],
45 silly install resolved        [Object],
45 silly install resolved        [Object],
45 silly install resolved        [Object],
45 silly install resolved        [Object],
45 silly install resolved        [Object],
45 silly install resolved        [Object],
45 silly install resolved        [Object] ],
45 silly install resolved     directories: {} } ]
46 info install cordova@5.1.1 into /usr/lib
47 info installOne cordova@5.1.1
48 verbose installOne of cordova to /usr/lib not in flight; installing
49 verbose lock using /mnt/home/.npm/_locks/cordova-748ccae172373beb.lock for /usr/lib/node_modules/cordova
50 silly install write writing cordova 5.1.1 to /usr/lib/node_modules/cordova
51 verbose unbuild lib/node_modules/cordova
52 silly gentlyRm /usr/lib/node_modules/cordova is being purged from base /usr
53 verbose gentlyRm don't care about contents; nuking /usr/lib/node_modules/cordova
54 verbose tar unpack /mnt/home/.npm/cordova/5.1.1/package.tgz
55 verbose tar unpacking to /usr/lib/node_modules/cordova
56 silly gentlyRm /usr/lib/node_modules/cordova is being purged
57 verbose gentlyRm don't care about contents; nuking /usr/lib/node_modules/cordova
58 silly gunzTarPerm modes [ '755', '644' ]
59 error tar.unpack untar error /mnt/home/.npm/cordova/5.1.1/package.tgz
60 verbose unlock done using /mnt/home/.npm/_locks/cordova-748ccae172373beb.lock for /usr/lib/node_modules/cordova
61 verbose fstream_path /usr/lib/node_modules/cordova
62 verbose fstream_type Directory
63 verbose fstream_class DirWriter
64 verbose stack Error: EACCES, mkdir '/usr/lib/node_modules/cordova'
64 verbose stack     at Error (native)
65 verbose fstream_stack /usr/local/lib/node_modules/npm/node_modules/fstream/lib/dir-writer.js:35:25
65 verbose fstream_stack /usr/local/lib/node_modules/npm/node_modules/mkdirp/index.js:47:53
65 verbose fstream_stack FSReqWrap.oncomplete (fs.js:95:15)
66 verbose cwd /mnt/data/Public/eg1
67 error Linux 3.10.32
68 error argv "/usr/local/bin/node" "/usr/local/bin/npm" "install" "cordova" "-g"
69 error node v0.12.7
70 error npm  v2.11.3
71 error path /usr/lib/node_modules/cordova
72 error code EACCES
73 error errno -13
74 error Error: EACCES, mkdir '/usr/lib/node_modules/cordova'
74 error     at Error (native)
74 error  { [Error: EACCES, mkdir '/usr/lib/node_modules/cordova']
74 error   errno: -13,
74 error   code: 'EACCES',
74 error   path: '/usr/lib/node_modules/cordova',
74 error   fstream_type: 'Directory',
74 error   fstream_path: '/usr/lib/node_modules/cordova',
74 error   fstream_class: 'DirWriter',
74 error   fstream_stack:
74 error    [ '/usr/local/lib/node_modules/npm/node_modules/fstream/lib/dir-writer.js:35:25',
74 error      '/usr/local/lib/node_modules/npm/node_modules/mkdirp/index.js:47:53',
74 error      'FSReqWrap.oncomplete (fs.js:95:15)' ] }
75 error Please try running this command again as root/Administrator.
76 verbose exit [ -13, true ]
77 verbose unbuild lib/node_modules/cordova
78 silly gentlyRm /usr/lib/node_modules/cordova is being purged from base /usr
79 verbose gentlyRm don't care about contents; nuking /usr/lib/node_modules/cordova
